WhatsAppClone/app/build/intermediates/manifest_merge_blame_file/debug/manifest-merger-blame-debug-report.txt
1<?xml version="1.0" encoding="utf-8"?>
2<manifest xmlns:android="http://schemas.android.com/apk/res/android"
3    package="com.example.whatsappclone"
4    android:versionCode="1"
5    android:versionName="1.0" >
6
7    <uses-sdk
8        android:minSdkVersion="15"
8-->src\main\AndroidManifest.xml
9        android:targetSdkVersion="29" />
9-->src\main\AndroidManifest.xml
10
11    <uses-permission android:name="android.permission.READ_CONTACTS" />
11-->src\main\AndroidManifest.xml:5:5-71
11-->src\main\AndroidManifest.xml:5:22-69
12    <uses-permission android:name="android.permission.WRITE_CONTACTS" />
12-->src\main\AndroidManifest.xml:6:5-72
12-->src\main\AndroidManifest.xml:6:22-70
13    <uses-permission android:name="android.permission.INTERNET" />
13-->[com.google.firebase:firebase-measurement-connector-impl:16.0.1] AndroidManifest.xml:22:5-67
13-->[com.google.firebase:firebase-measurement-connector-impl:16.0.1] AndroidManifest.xml:22:22-64
14    <uses-permission android:name="android.permission.ACCESS_NETWORK_STATE" />
14-->[com.google.firebase:firebase-measurement-connector-impl:16.0.1] AndroidManifest.xml:23:5-79
14-->[com.google.firebase:firebase-measurement-connector-impl:16.0.1] AndroidManifest.xml:23:22-76
15    <uses-permission android:name="android.permission.WAKE_LOCK" />
15-->[com.google.firebase:firebase-measurement-connector-impl:16.0.1] AndroidManifest.xml:24:5-68
15-->[com.google.firebase:firebase-measurement-connector-impl:16.0.1] AndroidManifest.xml:24:22-65
16    <uses-permission android:name="com.google.android.finsky.permission.BIND_GET_INSTALL_REFERRER_SERVICE" /> <!-- Required by older versions of Google Play services to create IID tokens -->
16-->[com.google.firebase:firebase-analytics:16.0.1] AndroidManifest.xml:26:5-110
16-->[com.google.firebase:firebase-analytics:16.0.1] AndroidManifest.xml:26:22-107
17    <uses-permission android:name="com.google.android.c2dm.permission.RECEIVE" />
17-->[com.google.firebase:firebase-iid:16.0.0] AndroidManifest.xml:26:5-82
17-->[com.google.firebase:firebase-iid:16.0.0] AndroidManifest.xml:26:22-79
18
19    <permission
19-->[com.google.firebase:firebase-iid:16.0.0] AndroidManifest.xml:28:5-30:47
20        android:name="com.example.whatsappclone.permission.C2D_MESSAGE"
20-->[com.google.firebase:firebase-iid:16.0.0] AndroidManifest.xml:29:9-63
21        android:protectionLevel="signature" />
21-->[com.google.firebase:firebase-iid:16.0.0] AndroidManifest.xml:30:9-44
22
23    <uses-permission android:name="com.example.whatsappclone.permission.C2D_MESSAGE" />
23-->[com.google.firebase:firebase-iid:16.0.0] AndroidManifest.xml:32:5-79
23-->[com.google.firebase:firebase-iid:16.0.0] AndroidManifest.xml:32:22-76
24
25    <application
25-->src\main\AndroidManifest.xml:8:5-25:19
26        android:allowBackup="true"
26-->src\main\AndroidManifest.xml:9:9-35
27        android:appComponentFactory="androidx.core.app.CoreComponentFactory"
27-->[androidx.core:core:1.1.0] AndroidManifest.xml:24:18-86
28        android:debuggable="true"
29        android:icon="@mipmap/ic_launcher"
29-->src\main\AndroidManifest.xml:10:9-43
30        android:label="@string/app_name"
30-->src\main\AndroidManifest.xml:11:9-41
31        android:roundIcon="@mipmap/ic_launcher_round"
31-->src\main\AndroidManifest.xml:12:9-54
32        android:supportsRtl="true"
32-->src\main\AndroidManifest.xml:13:9-35
33        android:testOnly="true"
34        android:theme="@style/AppTheme" >
34-->src\main\AndroidManifest.xml:14:9-40
35        <activity android:name="com.example.whatsappclone.FindUserAcitivity" />
35-->src\main\AndroidManifest.xml:15:9-64
35-->src\main\AndroidManifest.xml:15:19-52
36        <activity android:name="com.example.whatsappclone.ChatActivity" />
36-->src\main\AndroidManifest.xml:16:9-59
36-->src\main\AndroidManifest.xml:16:19-47
37        <activity android:name="com.example.whatsappclone.MainPageActivity" />
37-->src\main\AndroidManifest.xml:17:9-54
37-->src\main\AndroidManifest.xml:17:19-51
38        <activity android:name="com.example.whatsappclone.LoginActivity" >
38-->src\main\AndroidManifest.xml:18:9-24:20
38-->src\main\AndroidManifest.xml:18:19-48
39            <intent-filter>
39-->src\main\AndroidManifest.xml:19:13-23:29
40                <action android:name="android.intent.action.MAIN" />
40-->src\main\AndroidManifest.xml:20:17-69
40-->src\main\AndroidManifest.xml:20:25-66
41
42                <category android:name="android.intent.category.LAUNCHER" />
42-->src\main\AndroidManifest.xml:22:17-77
42-->src\main\AndroidManifest.xml:22:27-74
43            </intent-filter>
44        </activity>
45        <activity
45-->[com.google.firebase:firebase-auth:16.0.1] AndroidManifest.xml:23:9-29:75
46            android:name="com.google.firebase.auth.internal.FederatedSignInActivity"
46-->[com.google.firebase:firebase-auth:16.0.1] AndroidManifest.xml:24:13-85
47            android:excludeFromRecents="true"
47-->[com.google.firebase:firebase-auth:16.0.1] AndroidManifest.xml:25:13-46
48            android:exported="true"
48-->[com.google.firebase:firebase-auth:16.0.1] AndroidManifest.xml:26:13-36
49            android:launchMode="singleInstance"
49-->[com.google.firebase:firebase-auth:16.0.1] AndroidManifest.xml:27:13-48
50            android:permission="com.google.firebase.auth.api.gms.permission.LAUNCH_FEDERATED_SIGN_IN"
50-->[com.google.firebase:firebase-auth:16.0.1] AndroidManifest.xml:28:13-102
51            android:theme="@android:style/Theme.Translucent.NoTitleBar" />
51-->[com.google.firebase:firebase-auth:16.0.1] AndroidManifest.xml:29:13-72
52
53        <service android:name="com.google.firebase.components.ComponentDiscoveryService" >
53-->[com.google.firebase:firebase-auth:16.0.1] AndroidManifest.xml:31:9-35:19
53-->[com.google.firebase:firebase-auth:16.0.1] AndroidManifest.xml:31:18-89
54            <meta-data
54-->[com.google.firebase:firebase-auth:16.0.1] AndroidManifest.xml:32:13-34:85
55                android:name="com.google.firebase.components:com.google.firebase.auth.FirebaseAuthRegistrar"
55-->[com.google.firebase:firebase-auth:16.0.1] AndroidManifest.xml:33:17-109
56                android:value="com.google.firebase.components.ComponentRegistrar" />
56-->[com.google.firebase:firebase-auth:16.0.1] AndroidManifest.xml:34:17-82
57            <meta-data
57-->[com.google.firebase:firebase-measurement-connector-impl:16.0.1] AndroidManifest.xml:28:13-30:85
58                android:name="com.google.firebase.components:com.google.firebase.analytics.connector.internal.AnalyticsConnectorRegistrar"
58-->[com.google.firebase:firebase-measurement-connector-impl:16.0.1] AndroidManifest.xml:29:17-139
59                android:value="com.google.firebase.components.ComponentRegistrar" />
59-->[com.google.firebase:firebase-measurement-connector-impl:16.0.1] AndroidManifest.xml:30:17-82
60            <meta-data
60-->[com.google.firebase:firebase-iid:16.0.0] AndroidManifest.xml:36:13-38:85
61                android:name="com.google.firebase.components:com.google.firebase.iid.Registrar"
61-->[com.google.firebase:firebase-iid:16.0.0] AndroidManifest.xml:37:17-96
62                android:value="com.google.firebase.components.ComponentRegistrar" />
62-->[com.google.firebase:firebase-iid:16.0.0] AndroidManifest.xml:38:17-82
63        </service>
64
65        <receiver
65-->[com.google.firebase:firebase-analytics:16.0.1] AndroidManifest.xml:29:9-33:20
66            android:name="com.google.android.gms.measurement.AppMeasurementReceiver"
66-->[com.google.firebase:firebase-analytics:16.0.1] AndroidManifest.xml:30:13-85
67            android:enabled="true"
67-->[com.google.firebase:firebase-analytics:16.0.1] AndroidManifest.xml:31:13-35
68            android:exported="false" >
68-->[com.google.firebase:firebase-analytics:16.0.1] AndroidManifest.xml:32:13-37
69        </receiver>
70        <receiver
70-->[com.google.firebase:firebase-analytics:16.0.1] AndroidManifest.xml:34:9-42:20
71            android:name="com.google.android.gms.measurement.AppMeasurementInstallReferrerReceiver"
71-->[com.google.firebase:firebase-analytics:16.0.1] AndroidManifest.xml:35:13-100
72            android:enabled="true"
72-->[com.google.firebase:firebase-analytics:16.0.1] AndroidManifest.xml:36:13-35
73            android:exported="true"
73-->[com.google.firebase:firebase-analytics:16.0.1] AndroidManifest.xml:37:13-36
74            android:permission="android.permission.INSTALL_PACKAGES" >
74-->[com.google.firebase:firebase-analytics:16.0.1] AndroidManifest.xml:38:13-69
75            <intent-filter>
75-->[com.google.firebase:firebase-analytics:16.0.1] AndroidManifest.xml:39:13-41:29
76                <action android:name="com.android.vending.INSTALL_REFERRER" />
76-->[com.google.firebase:firebase-analytics:16.0.1] AndroidManifest.xml:40:17-79
76-->[com.google.firebase:firebase-analytics:16.0.1] AndroidManifest.xml:40:25-76
77            </intent-filter>
78        </receiver>
79
80        <service
80-->[com.google.firebase:firebase-analytics:16.0.1] AndroidManifest.xml:44:9-47:40
81            android:name="com.google.android.gms.measurement.AppMeasurementService"
81-->[com.google.firebase:firebase-analytics:16.0.1] AndroidManifest.xml:45:13-84
82            android:enabled="true"
82-->[com.google.firebase:firebase-analytics:16.0.1] AndroidManifest.xml:46:13-35
83            android:exported="false" />
83-->[com.google.firebase:firebase-analytics:16.0.1] AndroidManifest.xml:47:13-37
84        <service
84-->[com.google.firebase:firebase-analytics:16.0.1] AndroidManifest.xml:48:9-52:72
85            android:name="com.google.android.gms.measurement.AppMeasurementJobService"
85-->[com.google.firebase:firebase-analytics:16.0.1] AndroidManifest.xml:49:13-87
86            android:enabled="true"
86-->[com.google.firebase:firebase-analytics:16.0.1] AndroidManifest.xml:50:13-35
87            android:exported="false"
87-->[com.google.firebase:firebase-analytics:16.0.1] AndroidManifest.xml:51:13-37
88            android:permission="android.permission.BIND_JOB_SERVICE" />
88-->[com.google.firebase:firebase-analytics:16.0.1] AndroidManifest.xml:52:13-69
89
90        <receiver
90-->[com.google.firebase:firebase-iid:16.0.0] AndroidManifest.xml:41:9-50:20
91            android:name="com.google.firebase.iid.FirebaseInstanceIdReceiver"
91-->[com.google.firebase:firebase-iid:16.0.0] AndroidManifest.xml:42:13-78
92            android:exported="true"
92-->[com.google.firebase:firebase-iid:16.0.0] AndroidManifest.xml:43:13-36
93            android:permission="com.google.android.c2dm.permission.SEND" >
93-->[com.google.firebase:firebase-iid:16.0.0] AndroidManifest.xml:44:13-73
94            <intent-filter>
94-->[com.google.firebase:firebase-iid:16.0.0] AndroidManifest.xml:45:13-49:29
95                <action android:name="com.google.android.c2dm.intent.RECEIVE" />
95-->[com.google.firebase:firebase-iid:16.0.0] AndroidManifest.xml:46:17-81
95-->[com.google.firebase:firebase-iid:16.0.0] AndroidManifest.xml:46:25-78
96
97                <category android:name="com.example.whatsappclone" />
97-->[com.google.firebase:firebase-iid:16.0.0] AndroidManifest.xml:48:17-61
97-->[com.google.firebase:firebase-iid:16.0.0] AndroidManifest.xml:48:27-58
98            </intent-filter>
99        </receiver>
100        <!--
101             FirebaseInstanceIdService performs security checks at runtime,
102             no need for explicit permissions despite exported="true"
103        -->
104        <service
104-->[com.google.firebase:firebase-iid:16.0.0] AndroidManifest.xml:56:9-62:19
105            android:name="com.google.firebase.iid.FirebaseInstanceIdService"
105-->[com.google.firebase:firebase-iid:16.0.0] AndroidManifest.xml:57:13-77
106            android:exported="true" >
106-->[com.google.firebase:firebase-iid:16.0.0] AndroidManifest.xml:58:13-36
107            <intent-filter android:priority="-500" >
107-->[com.google.firebase:firebase-iid:16.0.0] AndroidManifest.xml:59:13-61:29
107-->[com.google.firebase:firebase-iid:16.0.0] AndroidManifest.xml:59:28-51
108                <action android:name="com.google.firebase.INSTANCE_ID_EVENT" />
108-->[com.google.firebase:firebase-iid:16.0.0] AndroidManifest.xml:60:17-80
108-->[com.google.firebase:firebase-iid:16.0.0] AndroidManifest.xml:60:25-77
109            </intent-filter>
110        </service>
111
112        <activity
112-->[com.google.android.gms:play-services-base:15.0.1] AndroidManifest.xml:23:9-26:75
113            android:name="com.google.android.gms.common.api.GoogleApiActivity"
113-->[com.google.android.gms:play-services-base:15.0.1] AndroidManifest.xml:24:13-79
114            android:exported="false"
114-->[com.google.android.gms:play-services-base:15.0.1] AndroidManifest.xml:25:13-37
115            android:theme="@android:style/Theme.Translucent.NoTitleBar" />
115-->[com.google.android.gms:play-services-base:15.0.1] AndroidManifest.xml:26:13-72
116
117        <provider
117-->[com.google.firebase:firebase-common:16.0.0] AndroidManifest.xml:9:9-13:39
118            android:name="com.google.firebase.provider.FirebaseInitProvider"
118-->[com.google.firebase:firebase-common:16.0.0] AndroidManifest.xml:10:13-77
119            android:authorities="com.example.whatsappclone.firebaseinitprovider"
119-->[com.google.firebase:firebase-common:16.0.0] AndroidManifest.xml:11:13-72
120            android:exported="false"
120-->[com.google.firebase:firebase-common:16.0.0] AndroidManifest.xml:12:13-37
121            android:initOrder="100" />
121-->[com.google.firebase:firebase-common:16.0.0] AndroidManifest.xml:13:13-36
122
123        <meta-data
123-->[com.google.android.gms:play-services-basement:15.0.1] AndroidManifest.xml:23:9-25:69
124            android:name="com.google.android.gms.version"
124-->[com.google.android.gms:play-services-basement:15.0.1] AndroidManifest.xml:24:13-58
125            android:value="@integer/google_play_services_version" />
125-->[com.google.android.gms:play-services-basement:15.0.1] AndroidManifest.xml:25:13-66
126    </application>
127
128</manifest>